<?xml version="1.0" encoding="UTF-8" ?>
<testsuite tests="16" failures="16" name="UT4_TA2.TElementoArbolBBTest" time="0.007" errors="0" skipped="0">
  <properties>
[...]
</properties>
  <testcase classname="UT4_TA2.TElementoArbolBBTest" name="UT4_TA2.TElementoArbolBBTest.testGetEtiqueta" time="0.003">
    <failure message="Cannot invoke &quot;UT4_TA2.TElementoArbolBB.getEtiqueta()&quot; because &quot;instance&quot; is null" type="java.lang.NullPointerException">java.lang.NullPointerException: Cannot invoke &quot;UT4_TA2.TElementoArbolBB.getEtiqueta()&quot; because &quot;instance&quot; is null
	at UT4_TA2.TElementoArbolBBTest.testGetEtiqueta(TElementoArbolBBTest.java:47)
</failure>
    <system-out>getEtiquetaTest
</system-out>
  </testcase>
  <testcase classname="UT4_TA2.TElementoArbolBBTest" name="UT4_TA2.TElementoArbolBBTest.testGetHijoIzq" time="0">
    <failure message="Cannot invoke &quot;UT4_TA2.TElementoArbolBB.getHijoIzq()&quot; because &quot;instance&quot; is null" type="java.lang.NullPointerException">java.lang.NullPointerException: Cannot invoke &quot;UT4_TA2.TElementoArbolBB.getHijoIzq()&quot; because &quot;instance&quot; is null
	at UT4_TA2.TElementoArbolBBTest.testGetHijoIzq(TElementoArbolBBTest.java:61)
</failure>
    <system-out>getHijoIzq
</system-out>
  </testcase>
  <testcase classname="UT4_TA2.TElementoArbolBBTest" name="UT4_TA2.TElementoArbolBBTest.testGetHijoDer" time="0">
    <failure message="Cannot invoke &quot;UT4_TA2.TElementoArbolBB.getHijoDer()&quot; because &quot;instance&quot; is null" type="java.lang.NullPointerException">java.lang.NullPointerException: Cannot invoke &quot;UT4_TA2.TElementoArbolBB.getHijoDer()&quot; because &quot;instance&quot; is null
	at UT4_TA2.TElementoArbolBBTest.testGetHijoDer(TElementoArbolBBTest.java:75)
</failure>
    <system-out>getHijoDer
</system-out>
  </testcase>
  <testcase classname="UT4_TA2.TElementoArbolBBTest" name="UT4_TA2.TElementoArbolBBTest.testSetHijoIzq" time="0">
    <failure message="Cannot invoke &quot;UT4_TA2.TElementoArbolBB.setHijoIzq(UT4_TA2.IElementoAB)&quot; because &quot;instance&quot; is null" type="java.lang.NullPointerException">java.lang.NullPointerException: Cannot invoke &quot;UT4_TA2.TElementoArbolBB.setHijoIzq(UT4_TA2.IElementoAB)&quot; because &quot;instance&quot; is null
	at UT4_TA2.TElementoArbolBBTest.testSetHijoIzq(TElementoArbolBBTest.java:88)
</failure>
    <system-out>setHijoIzq
</system-out>
  </testcase>
  <testcase classname="UT4_TA2.TElementoArbolBBTest" name="UT4_TA2.TElementoArbolBBTest.testSetHijoDer" time="0">
    <failure message="Cannot invoke &quot;UT4_TA2.TElementoArbolBB.setHijoDer(UT4_TA2.IElementoAB)&quot; because &quot;instance&quot; is null" type="java.lang.NullPointerException">java.lang.NullPointerException: Cannot invoke &quot;UT4_TA2.TElementoArbolBB.setHijoDer(UT4_TA2.IElementoAB)&quot; because &quot;instance&quot; is null
	at UT4_TA2.TElementoArbolBBTest.testSetHijoDer(TElementoArbolBBTest.java:100)
</failure>
    <system-out>setHijoDer
</system-out>
  </testcase>
  <testcase classname="UT4_TA2.TElementoArbolBBTest" name="UT4_TA2.TElementoArbolBBTest.testBuscar" time="0">
    <failure message="Cannot invoke &quot;UT4_TA2.TElementoArbolBB.buscar(java.lang.Comparable)&quot; because &quot;instance&quot; is null" type="java.lang.NullPointerException">java.lang.NullPointerException: Cannot invoke &quot;UT4_TA2.TElementoArbolBB.buscar(java.lang.Comparable)&quot; because &quot;instance&quot; is null
	at UT4_TA2.TElementoArbolBBTest.testBuscar(TElementoArbolBBTest.java:114)
</failure>
    <system-out>buscar
</system-out>
  </testcase>
  <testcase classname="UT4_TA2.TElementoArbolBBTest" name="UT4_TA2.TElementoArbolBBTest.testInsertar" time="0.001">
    <failure message="Cannot invoke &quot;UT4_TA2.TElementoArbolBB.insertar(UT4_TA2.IElementoAB)&quot; because &quot;instance&quot; is null" type="java.lang.NullPointerException">java.lang.NullPointerException: Cannot invoke &quot;UT4_TA2.TElementoArbolBB.insertar(UT4_TA2.IElementoAB)&quot; because &quot;instance&quot; is null
	at UT4_TA2.TElementoArbolBBTest.testInsertar(TElementoArbolBBTest.java:128)
</failure>
    <system-out>insertar
</system-out>
  </testcase>
  <testcase classname="UT4_TA2.TElementoArbolBBTest" name="UT4_TA2.TElementoArbolBBTest.testPreOrden" time="0">
    <failure message="Cannot invoke &quot;UT4_TA2.TElementoArbolBB.preOrden()&quot; because &quot;instance&quot; is null" type="java.lang.NullPointerException">java.lang.NullPointerException: Cannot invoke &quot;UT4_TA2.TElementoArbolBB.preOrden()&quot; because &quot;instance&quot; is null
	at UT4_TA2.TElementoArbolBBTest.testPreOrden(TElementoArbolBBTest.java:142)
</failure>
    <system-out>preOrden
</system-out>
  </testcase>
  <testcase classname="UT4_TA2.TElementoArbolBBTest" name="UT4_TA2.TElementoArbolBBTest.testInOrden" time="0">
    <failure message="Cannot invoke &quot;UT4_TA2.TElementoArbolBB.inOrden()&quot; because &quot;instance&quot; is null" type="java.lang.NullPointerException">java.lang.NullPointerException: Cannot invoke &quot;UT4_TA2.TElementoArbolBB.inOrden()&quot; because &quot;instance&quot; is null
	at UT4_TA2.TElementoArbolBBTest.testInOrden(TElementoArbolBBTest.java:156)
</failure>
    <system-out>inOrden
</system-out>
  </testcase>
  <testcase classname="UT4_TA2.TElementoArbolBBTest" name="UT4_TA2.TElementoArbolBBTest.testPostOrden" time="0.001">
    <failure message="Cannot invoke &quot;UT4_TA2.TElementoArbolBB.postOrden()&quot; because &quot;instance&quot; is null" type="java.lang.NullPointerException">java.lang.NullPointerException: Cannot invoke &quot;UT4_TA2.TElementoArbolBB.postOrden()&quot; because &quot;instance&quot; is null
	at UT4_TA2.TElementoArbolBBTest.testPostOrden(TElementoArbolBBTest.java:170)
</failure>
    <system-out>postOrden
</system-out>
  </testcase>
  <testcase classname="UT4_TA2.TElementoArbolBBTest" name="UT4_TA2.TElementoArbolBBTest.testGetDatos" time="0.001">
    <failure message="Cannot invoke &quot;UT4_TA2.TElementoArbolBB.getDatos()&quot; because &quot;instance&quot; is null" type="java.lang.NullPointerException">java.lang.NullPointerException: Cannot invoke &quot;UT4_TA2.TElementoArbolBB.getDatos()&quot; because &quot;instance&quot; is null
	at UT4_TA2.TElementoArbolBBTest.testGetDatos(TElementoArbolBBTest.java:184)
</failure>
    <system-out>getDatos
</system-out>
  </testcase>
  <testcase classname="UT4_TA2.TElementoArbolBBTest" name="UT4_TA2.TElementoArbolBBTest.testTamaño" time="0">
    <failure message="Cannot invoke &quot;UT4_TA2.TElementoArbolBB.tamaño()&quot; because &quot;instance&quot; is null" type="java.lang.NullPointerException">java.lang.NullPointerException: Cannot invoke &quot;UT4_TA2.TElementoArbolBB.tamaño()&quot; because &quot;instance&quot; is null
	at UT4_TA2.TElementoArbolBBTest.testTamaño(TElementoArbolBBTest.java:198)
</failure>
    <system-out>tamaño
</system-out>
  </testcase>
  <testcase classname="UT4_TA2.TElementoArbolBBTest" name="UT4_TA2.TElementoArbolBBTest.testEliminar" time="0">
    <failure message="Cannot invoke &quot;UT4_TA2.TElementoArbolBB.eliminar(java.lang.Comparable)&quot; because &quot;instance&quot; is null" type="java.lang.NullPointerException">java.lang.NullPointerException: Cannot invoke &quot;UT4_TA2.TElementoArbolBB.eliminar(java.lang.Comparable)&quot; because &quot;instance&quot; is null
	at UT4_TA2.TElementoArbolBBTest.testEliminar(TElementoArbolBBTest.java:213)
</failure>
    <system-out>eliminar
</system-out>
  </testcase>
  <testcase classname="UT4_TA2.TElementoArbolBBTest" name="UT4_TA2.TElementoArbolBBTest.testContarHojas" time="0">
    <failure message="Cannot invoke &quot;UT4_TA2.TElementoArbolBB.contarHojas()&quot; because &quot;instance&quot; is null" type="java.lang.NullPointerException">java.lang.NullPointerException: Cannot invoke &quot;UT4_TA2.TElementoArbolBB.contarHojas()&quot; because &quot;instance&quot; is null
	at UT4_TA2.TElementoArbolBBTest.testContarHojas(TElementoArbolBBTest.java:227)
</failure>
    <system-out>contarHojas
</system-out>
  </testcase>
  <testcase classname="UT4_TA2.TElementoArbolBBTest" name="UT4_TA2.TElementoArbolBBTest.testAltura" time="0.001">
    <failure message="Cannot invoke &quot;UT4_TA2.TElementoArbolBB.altura()&quot; because &quot;instance&quot; is null" type="java.lang.NullPointerException">java.lang.NullPointerException: Cannot invoke &quot;UT4_TA2.TElementoArbolBB.altura()&quot; because &quot;instance&quot; is null
	at UT4_TA2.TElementoArbolBBTest.testAltura(TElementoArbolBBTest.java:241)
</failure>
    <system-out>altura
</system-out>
  </testcase>
  <testcase classname="UT4_TA2.TElementoArbolBBTest" name="UT4_TA2.TElementoArbolBBTest.testNivelNodoABB" time="0">
    <failure message="Cannot invoke &quot;UT4_TA2.TElementoArbolBB.nivelNodoABB(java.lang.Comparable)&quot; because &quot;instance&quot; is null" type="java.lang.NullPointerException">java.lang.NullPointerException: Cannot invoke &quot;UT4_TA2.TElementoArbolBB.nivelNodoABB(java.lang.Comparable)&quot; because &quot;instance&quot; is null
	at UT4_TA2.TElementoArbolBBTest.testNivelNodoABB(TElementoArbolBBTest.java:256)
</failure>
    <system-out>nivelNodoABB
</system-out>
  </testcase>
</testsuite>