<?xml version="1.0" encoding="UTF-8" ?>
<testsuite tests="4" failures="0" name="parcial.test.TArbolBBTest" time="0.023" errors="0" skipped="0">
  <properties>
[...]
</properties>
  <testcase classname="parcial.test.TArbolBBTest" name="parcial.test.TArbolBBTest.testObtenerCosto2doElem" time="0.023"/>
  <testcase classname="parcial.test.TArbolBBTest" name="parcial.test.TArbolBBTest.testObtenerCosto3erElem" time="0"/>
  <testcase classname="parcial.test.TArbolBBTest" name="parcial.test.TArbolBBTest.testObtenerCostoNoElem" time="0"/>
  <testcase classname="parcial.test.TArbolBBTest" name="parcial.test.TArbolBBTest.testObtenerCosto" time="0"/>
</testsuite>